2018-10-01 22:00:26,438 - sLogger - DEBUG - Se procede a comparar en base...
2018-10-01 22:00:26,439 - sLogger - INFO - Se procede a hacer la consulta: SELECT * FROM Usuario_Servidor WHERE User_Name = 'ADMUNIGEN000'
2018-10-01 22:00:26,493 - sLogger - DEBUG - Se ha establecido a la base de datos: InterOperabilidad
2018-10-01 22:00:26,497 - sLogger - DEBUG - Se ha registrado un registro a la tabla: Usuario_Servidor
2018-10-01 22:00:26,498 - sLogger - INFO - Credenciales autenticadas!!!
2018-10-01 22:00:26,502 - sLogger - INFO - Se ha generado un token al usuario: ADMUNIGEN000
2018-10-01 22:00:49,429 - sLogger - DEBUG - Se creo el Directorio: /home/pi/FaceDataBase
2018-10-01 22:00:49,600 - sLogger - DEBUG - Se descomprimio el archivo: /home/pi/BuzonSftp/ADMUNIGEN000_LABICECOMP001_349620cb-125e-45be-ae89-d945ac63e696.zip
2018-10-01 22:00:49,601 - sLogger - DEBUG - Se obtuvo una lista del Directorio: /home/pi/FaceDataBase
2018-10-01 22:00:49,602 - sLogger - INFO - Se procede a hacer la consulta: INSERT INTO Usuario (Activo,Apellido_M,Apellido_P,Id_Usuario,Nombre,Tipo_Usr) VALUES (TRUE,'x','x',2013300617,'x','x')
2018-10-01 22:00:49,607 - sLogger - DEBUG - Se ha establecido a la base de datos: InterOperabilidad
2018-10-01 22:00:49,631 - sLogger - DEBUG - Se ha registrado un registro a la tabla: Usuario
2018-10-01 22:03:08,259 - sLogger - INFO - Ya existe el Directorio: /home/pi/FaceDataBase
2018-10-01 22:03:08,468 - sLogger - DEBUG - Se descomprimio el archivo: /home/pi/BuzonSftp/ADMUNIGEN000_LABICECOMP001_349620cb-125e-45be-ae89-d945ac63e696.zip
2018-10-01 22:03:08,469 - sLogger - DEBUG - Se obtuvo una lista del Directorio: /home/pi/FaceDataBase
2018-10-01 22:03:08,471 - sLogger - INFO - Se procede a hacer la consulta: INSERT INTO Usuario (Activo,Apellido_M,Apellido_P,Id_Usuario,Nombre,Tipo_Usr) VALUES (TRUE,'x','x',2013300617,'x','x')
2018-10-01 22:03:08,529 - sLogger - DEBUG - Se ha establecido a la base de datos: InterOperabilidad
2018-10-01 22:03:08,533 - sLogger - ERROR - No se ha podido conectar a la de base de datos: InterOperabilidad
2018-10-01 22:03:08,534 - sLogger - ERROR - No se ha registrado un registro a la tabla: Usuario
2018-10-01 22:03:08,536 - sLogger - INFO - Se procede a hacer la consulta: INSERT INTO Horario (Dia,Fin,Id_Horario,Inicio,Turno) VALUES ('Lunes','08:30:00',110001,'07:00:00','Matutino')
2018-10-01 22:03:08,542 - sLogger - DEBUG - Se ha establecido a la base de datos: InterOperabilidad
2018-10-01 22:03:08,563 - sLogger - DEBUG - Se ha registrado un registro a la tabla: Horario
2018-10-01 22:03:08,564 - sLogger - INFO - Se procede a hacer la consulta: INSERT INTO Usuario_Horario (Id_Horario,Id_Usuario) VALUES (110001,2013300617)
2018-10-01 22:03:08,569 - sLogger - DEBUG - Se ha establecido a la base de datos: InterOperabilidad
2018-10-01 22:03:08,581 - sLogger - DEBUG - Se ha registrado un registro a la tabla: Usuario_Horario
2018-10-01 22:03:08,582 - sLogger - INFO - Se procede a hacer la consulta: INSERT INTO Usuario (Activo,Apellido_M,Apellido_P,Id_Usuario,Nombre,Tipo_Usr) VALUES (TRUE,'x','x',2013300618,'x','x')
2018-10-01 22:03:08,588 - sLogger - DEBUG - Se ha establecido a la base de datos: InterOperabilidad
2018-10-01 22:03:08,599 - sLogger - DEBUG - Se ha registrado un registro a la tabla: Usuario
2018-10-01 22:03:08,600 - sLogger - INFO - Se procede a hacer la consulta: INSERT INTO Horario (Dia,Fin,Id_Horario,Inicio,Turno) VALUES ('Lunes','11:30:00',110201,'10:00:00','Matutino')
2018-10-01 22:03:08,608 - sLogger - DEBUG - Se ha establecido a la base de datos: InterOperabilidad
2018-10-01 22:03:08,619 - sLogger - DEBUG - Se ha registrado un registro a la tabla: Horario
2018-10-01 22:03:08,620 - sLogger - INFO - Se procede a hacer la consulta: INSERT INTO Usuario_Horario (Id_Horario,Id_Usuario) VALUES (110201,2013300618)
2018-10-01 22:03:08,628 - sLogger - DEBUG - Se ha establecido a la base de datos: InterOperabilidad
2018-10-01 22:03:08,639 - sLogger - DEBUG - Se ha registrado un registro a la tabla: Usuario_Horario
2018-10-01 22:03:08,642 - sLogger - INFO - Se procede a hacer la consulta: INSERT INTO Usuario (Activo,Apellido_M,Apellido_P,Id_Usuario,Nombre,Tipo_Usr) VALUES (TRUE,'x','x',2013300619,'x','x')
2018-10-01 22:03:08,649 - sLogger - DEBUG - Se ha establecido a la base de datos: InterOperabilidad
2018-10-01 22:03:08,664 - sLogger - DEBUG - Se ha registrado un registro a la tabla: Usuario
2018-10-01 22:03:08,665 - sLogger - INFO - Se procede a hacer la consulta: INSERT INTO Horario (Dia,Fin,Id_Horario,Inicio,Turno) VALUES ('Lunes','08:30:00',110001,'07:00:00','Matutino')
2018-10-01 22:03:08,670 - sLogger - DEBUG - Se ha establecido a la base de datos: InterOperabilidad
2018-10-01 22:03:08,673 - sLogger - ERROR - No se ha podido conectar a la de base de datos: InterOperabilidad
2018-10-01 22:03:08,674 - sLogger - ERROR - No se ha registrado un registro a la tabla: Horario
2018-10-01 22:03:08,676 - sLogger - INFO - Se procede a hacer la consulta: INSERT INTO Usuario_Horario (Id_Horario,Id_Usuario) VALUES (110001,2013300619)
2018-10-01 22:03:08,681 - sLogger - DEBUG - Se ha establecido a la base de datos: InterOperabilidad
2018-10-01 22:03:08,692 - sLogger - DEBUG - Se ha registrado un registro a la tabla: Usuario_Horario
2018-10-01 22:03:57,161 - sLogger - INFO - Ya existe el Directorio: /home/pi/FaceDataBase
2018-10-01 22:03:57,360 - sLogger - DEBUG - Se descomprimio el archivo: /home/pi/BuzonSftp/ADMUNIGEN000_LABICECOMP001_349620cb-125e-45be-ae89-d945ac63e696.zip
2018-10-01 22:03:57,361 - sLogger - DEBUG - Se obtuvo una lista del Directorio: /home/pi/FaceDataBase
2018-10-01 22:03:57,362 - sLogger - INFO - Se procede a hacer la consulta: INSERT INTO Usuario (Activo,Apellido_M,Apellido_P,Id_Usuario,Nombre,Tipo_Usr) VALUES (TRUE,'x','x',2013300617,'x','x')
2018-10-01 22:03:57,367 - sLogger - DEBUG - Se ha establecido a la base de datos: InterOperabilidad
2018-10-01 22:03:57,370 - sLogger - ERROR - No se ha podido conectar a la de base de datos: InterOperabilidad
2018-10-01 22:03:57,371 - sLogger - ERROR - No se ha registrado un registro a la tabla: Usuario
2018-10-01 22:03:57,372 - sLogger - INFO - Se procede a hacer la consulta: INSERT INTO Horario (Dia,Fin,Id_Horario,Inicio,Turno) VALUES ('Lunes','08:30:00',110001,'07:00:00','Matutino')
2018-10-01 22:03:57,378 - sLogger - DEBUG - Se ha establecido a la base de datos: InterOperabilidad
2018-10-01 22:03:57,381 - sLogger - ERROR - No se ha podido conectar a la de base de datos: InterOperabilidad
2018-10-01 22:03:57,382 - sLogger - ERROR - No se ha registrado un registro a la tabla: Horario
2018-10-01 22:03:57,383 - sLogger - INFO - Se procede a hacer la consulta: INSERT INTO Usuario_Horario (Id_Horario,Id_Usuario) VALUES (110001,2013300617)
2018-10-01 22:03:57,388 - sLogger - DEBUG - Se ha establecido a la base de datos: InterOperabilidad
2018-10-01 22:03:57,418 - sLogger - DEBUG - Se ha registrado un registro a la tabla: Usuario_Horario
2018-10-01 22:03:57,419 - sLogger - INFO - Se procede a hacer la consulta: INSERT INTO Usuario (Activo,Apellido_M,Apellido_P,Id_Usuario,Nombre,Tipo_Usr) VALUES (TRUE,'x','x',2013300618,'x','x')
2018-10-01 22:03:57,424 - sLogger - DEBUG - Se ha establecido a la base de datos: InterOperabilidad
2018-10-01 22:03:57,428 - sLogger - ERROR - No se ha podido conectar a la de base de datos: InterOperabilidad
2018-10-01 22:03:57,429 - sLogger - ERROR - No se ha registrado un registro a la tabla: Usuario
2018-10-01 22:03:57,432 - sLogger - INFO - Se procede a hacer la consulta: INSERT INTO Horario (Dia,Fin,Id_Horario,Inicio,Turno) VALUES ('Lunes','11:30:00',110201,'10:00:00','Matutino')
2018-10-01 22:03:57,438 - sLogger - DEBUG - Se ha establecido a la base de datos: InterOperabilidad
2018-10-01 22:03:57,441 - sLogger - ERROR - No se ha podido conectar a la de base de datos: InterOperabilidad
2018-10-01 22:03:57,442 - sLogger - ERROR - No se ha registrado un registro a la tabla: Horario
2018-10-01 22:03:57,444 - sLogger - INFO - Se procede a hacer la consulta: INSERT INTO Usuario_Horario (Id_Horario,Id_Usuario) VALUES (110201,2013300618)
2018-10-01 22:03:57,450 - sLogger - DEBUG - Se ha establecido a la base de datos: InterOperabilidad
2018-10-01 22:03:57,462 - sLogger - DEBUG - Se ha registrado un registro a la tabla: Usuario_Horario
2018-10-01 22:03:57,464 - sLogger - INFO - Se procede a hacer la consulta: INSERT INTO Usuario (Activo,Apellido_M,Apellido_P,Id_Usuario,Nombre,Tipo_Usr) VALUES (TRUE,'x','x',2013300619,'x','x')
2018-10-01 22:03:57,469 - sLogger - DEBUG - Se ha establecido a la base de datos: InterOperabilidad
2018-10-01 22:03:57,472 - sLogger - ERROR - No se ha podido conectar a la de base de datos: InterOperabilidad
2018-10-01 22:03:57,474 - sLogger - ERROR - No se ha registrado un registro a la tabla: Usuario
2018-10-01 22:03:57,475 - sLogger - INFO - Se procede a hacer la consulta: INSERT INTO Horario (Dia,Fin,Id_Horario,Inicio,Turno) VALUES ('Lunes','08:30:00',110001,'07:00:00','Matutino')
2018-10-01 22:03:57,483 - sLogger - DEBUG - Se ha establecido a la base de datos: InterOperabilidad
2018-10-01 22:03:57,486 - sLogger - ERROR - No se ha podido conectar a la de base de datos: InterOperabilidad
2018-10-01 22:03:57,487 - sLogger - ERROR - No se ha registrado un registro a la tabla: Horario
2018-10-01 22:03:57,489 - sLogger - INFO - Se procede a hacer la consulta: INSERT INTO Usuario_Horario (Id_Horario,Id_Usuario) VALUES (110001,2013300619)
2018-10-01 22:03:57,494 - sLogger - DEBUG - Se ha establecido a la base de datos: InterOperabilidad
2018-10-01 22:03:57,505 - sLogger - DEBUG - Se ha registrado un registro a la tabla: Usuario_Horario
2018-10-01 22:07:37,365 - sLogger - INFO - Ya existe el Directorio: /home/pi/FaceDataBase
2018-10-01 22:07:37,571 - sLogger - DEBUG - Se descomprimio el archivo: /home/pi/BuzonSftp/ADMUNIGEN000_LABICECOMP001_349620cb-125e-45be-ae89-d945ac63e696.zip
2018-10-01 22:07:37,572 - sLogger - DEBUG - Se obtuvo una lista del Directorio: /home/pi/FaceDataBase
2018-10-01 22:07:37,574 - sLogger - INFO - Se procede a hacer la consulta: INSERT INTO Usuario (Activo,Apellido_M,Apellido_P,Id_Usuario,Nombre,Tipo_Usr) VALUES (TRUE,'x','x',2013300617,'x','x')
2018-10-01 22:07:37,633 - sLogger - DEBUG - Se ha establecido a la base de datos: InterOperabilidad
2018-10-01 22:07:37,648 - sLogger - DEBUG - Se ha registrado un registro a la tabla: Usuario
2018-10-01 22:07:37,650 - sLogger - INFO - Se procede a hacer la consulta: INSERT INTO Horario (Dia,Fin,Id_Horario,Inicio,Turno) VALUES ('Lunes','08:30:00',110001,'07:00:00','Matutino')
2018-10-01 22:07:37,655 - sLogger - DEBUG - Se ha establecido a la base de datos: InterOperabilidad
2018-10-01 22:07:37,666 - sLogger - DEBUG - Se ha registrado un registro a la tabla: Horario
2018-10-01 22:07:37,667 - sLogger - INFO - Se procede a hacer la consulta: INSERT INTO Usuario_Horario (Id_Horario,Id_Usuario) VALUES (110001,2013300617)
2018-10-01 22:07:37,672 - sLogger - DEBUG - Se ha establecido a la base de datos: InterOperabilidad
2018-10-01 22:07:37,688 - sLogger - DEBUG - Se ha registrado un registro a la tabla: Usuario_Horario
2018-10-01 22:07:37,689 - sLogger - INFO - Se procede a hacer la consulta: INSERT INTO Usuario (Activo,Apellido_M,Apellido_P,Id_Usuario,Nombre,Tipo_Usr) VALUES (TRUE,'x','x',2013300618,'x','x')
2018-10-01 22:07:37,694 - sLogger - DEBUG - Se ha establecido a la base de datos: InterOperabilidad
2018-10-01 22:07:37,706 - sLogger - DEBUG - Se ha registrado un registro a la tabla: Usuario
2018-10-01 22:07:37,708 - sLogger - INFO - Se procede a hacer la consulta: INSERT INTO Horario (Dia,Fin,Id_Horario,Inicio,Turno) VALUES ('Lunes','11:30:00',110201,'10:00:00','Matutino')
2018-10-01 22:07:37,714 - sLogger - DEBUG - Se ha establecido a la base de datos: InterOperabilidad
2018-10-01 22:07:37,734 - sLogger - DEBUG - Se ha registrado un registro a la tabla: Horario
2018-10-01 22:07:37,736 - sLogger - INFO - Se procede a hacer la consulta: INSERT INTO Usuario_Horario (Id_Horario,Id_Usuario) VALUES (110201,2013300618)
2018-10-01 22:07:37,742 - sLogger - DEBUG - Se ha establecido a la base de datos: InterOperabilidad
2018-10-01 22:07:37,758 - sLogger - DEBUG - Se ha registrado un registro a la tabla: Usuario_Horario
2018-10-01 22:07:37,760 - sLogger - INFO - Se procede a hacer la consulta: INSERT INTO Usuario (Activo,Apellido_M,Apellido_P,Id_Usuario,Nombre,Tipo_Usr) VALUES (TRUE,'x','x',2013300619,'x','x')
2018-10-01 22:07:37,767 - sLogger - DEBUG - Se ha establecido a la base de datos: InterOperabilidad
2018-10-01 22:07:37,777 - sLogger - DEBUG - Se ha registrado un registro a la tabla: Usuario
2018-10-01 22:07:37,779 - sLogger - INFO - Se procede a hacer la consulta: INSERT INTO Horario (Dia,Fin,Id_Horario,Inicio,Turno) VALUES ('Lunes','08:30:00',110001,'07:00:00','Matutino')
2018-10-01 22:07:37,785 - sLogger - DEBUG - Se ha establecido a la base de datos: InterOperabilidad
2018-10-01 22:07:37,789 - sLogger - ERROR - No se ha podido conectar a la de base de datos: InterOperabilidad
2018-10-01 22:07:37,790 - sLogger - ERROR - No se ha registrado un registro a la tabla: Horario
2018-10-01 22:07:37,792 - sLogger - INFO - Se procede a hacer la consulta: INSERT INTO Usuario_Horario (Id_Horario,Id_Usuario) VALUES (110001,2013300619)
2018-10-01 22:07:37,798 - sLogger - DEBUG - Se ha establecido a la base de datos: InterOperabilidad
2018-10-01 22:07:37,810 - sLogger - DEBUG - Se ha registrado un registro a la tabla: Usuario_Horario
